<?xml version="1.0" encoding="UTF-8"?>
<!-- Generated by org.testng.reporters.JUnitReportReporter -->
<testsuite skipped="0" hostname="Rashmis-MacBook-Pro.local" name="test.TechFiosPageTest" tests="3" failures="0" timestamp="2022-11-28T02:45:28 CST" time="4.636" errors="0">
  <testcase name="TC1" time="4.327" classname="test.TechFiosPageTest"/>
  <system-out/>
  <testcase name="TC2" time="0.002" classname="test.TechFiosPageTest"/>
  <system-out/>
  <testcase name="TC3" time="0.307" classname="test.TechFiosPageTest"/>
  <system-out/>
</testsuite> <!-- test.TechFiosPageTest -->
